--- Startup times for process: Primary/TUI ---

times in msec
 clock   self+sourced   self:  sourced script
 clock   elapsed:              other lines

000.000  000.000: --- NVIM STARTING ---
000.040  000.039: event init
000.115  000.075: early init
000.331  000.216: locale set
000.355  000.024: init first window
000.560  000.206: inits 1
000.564  000.004: window checked
000.566  000.002: parsing arguments
000.801  000.017  000.017: require('vim.shared')
000.840  000.019  000.019: require('vim.inspect')
000.862  000.017  000.017: require('vim._options')
000.863  000.060  000.024: require('vim._editor')
000.864  000.095  000.017: require('vim._init_packages')
000.865  000.204: init lua interpreter
001.044  000.180: --- NVIM STARTED ---

--- Startup times for process: Embedded ---

times in msec
 clock   self+sourced   self:  sourced script
 clock   elapsed:              other lines

000.000  000.000: --- NVIM STARTING ---
000.028  000.028: event init
000.084  000.056: early init
000.227  000.143: locale set
000.243  000.016: init first window
000.376  000.134: inits 1
000.384  000.008: window checked
000.386  000.002: parsing arguments
000.605  000.017  000.017: require('vim.shared')
000.642  000.019  000.019: require('vim.inspect')
000.664  000.017  000.017: require('vim._options')
000.665  000.058  000.023: require('vim._editor')
000.665  000.108  000.033: require('vim._init_packages')
000.667  000.173: init lua interpreter
002.120  001.453: expanding arguments
002.125  000.005: inits 2
002.256  000.130: init highlight
002.256  000.001: waiting for UI
002.313  000.057: done waiting for UI
002.315  000.002: clear screen
002.352  000.004  000.004: require('vim.keymap')
002.676  000.360  000.356: require('vim._defaults')
002.677  000.002: init default mappings & autocommands
002.969  000.031  000.031: sourcing /opt/homebrew/Cellar/neovim/0.10.0/share/nvim/runtime/ftplugin.vim
003.019  000.013  000.013: sourcing /opt/homebrew/Cellar/neovim/0.10.0/share/nvim/runtime/indent.vim
003.789  000.309  000.309: require('lazy')
003.806  000.008  000.008: require('ffi')
003.845  000.012  000.012: require('vim.fs')
003.960  000.083  000.083: require('vim.uri')
003.966  000.159  000.064: require('vim.loader')
004.142  000.165  000.165: require('lazy.stats')
004.234  000.074  000.074: require('lazy.core.util')
004.296  000.062  000.062: require('lazy.core.config')
004.414  000.051  000.051: require('lazy.core.handler')
004.518  000.104  000.104: require('lazy.core.plugin')
004.524  000.227  000.072: require('lazy.core.loader')
005.387  000.086  000.086: require('custom.plugins')
005.704  000.096  000.096: require('lazy.core.handler.event')
005.705  000.185  000.089: require('lazy.core.handler.ft')
005.801  000.092  000.092: require('lazy.core.handler.cmd')
005.863  000.059  000.059: require('lazy.core.handler.keys')
006.314  000.189  000.189: sourcing /opt/homebrew/Cellar/neovim/0.10.0/share/nvim/runtime/filetype.lua
007.052  000.049  000.049: require('tokyonight.util')
007.270  000.056  000.056: require('tokyonight.colors')
007.271  000.218  000.162: require('tokyonight.theme')
007.328  000.057  000.057: require('tokyonight.config')
007.329  000.747  000.423: require('tokyonight')
007.953  000.097  000.097: require('vim.version')
008.926  000.313  000.313: require('mellifluous')
009.052  000.112  000.112: require('mellifluous.config')
009.137  000.084  000.084: require('mellifluous.colors')
009.389  000.065  000.065: require('mellifluous.utils.oklab')
009.391  000.139  000.073: require('mellifluous.color')
009.393  000.255  000.116: require('mellifluous.colors.sets.mellifluous')
009.501  000.047  000.047: require('mellifluous.colors.shades')
009.563  000.046  000.046: require('mellifluous.utils.shader')
009.801  000.044  000.044: require('mellifluous.utils.highlighter')
009.844  000.042  000.042: require('mellifluous.highlights')
009.934  000.089  000.089: require('mellifluous.highlights.general')
010.256  000.077  000.077: require('mellifluous.highlights.plugins')
010.357  000.100  000.100: require('mellifluous.highlights.plugins.treesitter')
010.973  000.079  000.079: require('mellifluous.highlights.plugins.telescope')
011.059  000.041  000.041: require('mellifluous.highlights.plugins.lazy')
011.105  000.038  000.038: require('mellifluous.highlights.plugins.gitsigns')
011.188  000.046  000.046: require('mellifluous.highlights.plugins.neo_tree')
011.294  000.042  000.042: require('mellifluous.highlights.plugins.nvim_tree')
011.379  000.041  000.041: require('mellifluous.highlights.plugins.neotest')
011.446  000.040  000.040: require('mellifluous.highlights.plugins.aerial')
011.490  000.039  000.039: require('mellifluous.highlights.plugins.mason')
011.547  000.040  000.040: require('mellifluous.highlights.plugins.nvim_notify')
011.615  000.043  000.043: require('mellifluous.highlights.plugins.neorg')
011.747  000.039  000.039: require('mellifluous.highlights.plugins.startify')
011.812  000.061  000.061: require('mellifluous.highlights.plugins.indent_blankline')
011.866  000.052  000.052: require('mellifluous.highlights.plugins.cmp')
012.121  000.056  000.056: require('mellifluous.highlights.plugins.semantic_tokens')
012.643  000.056  000.056: require('mellifluous.cli')
012.720  000.047  000.047: require('mellifluous.terminal')
012.748  004.921  002.852: sourcing /Users/anthonyprancl/.local/share/nvim/lazy/mellifluous.nvim/colors/mellifluous.lua
013.740  000.055  000.055: require('mellifluous.colors.sets.tender')
016.360  003.238  003.183: sourcing /Users/anthonyprancl/.local/share/nvim/lazy/mellifluous.nvim/colors/mellifluous.lua
016.906  000.046  000.046: require('gitsigns.async')
016.950  000.043  000.043: require('gitsigns.debug.log')
017.047  000.097  000.097: require('gitsigns.config')
017.049  000.409  000.224: require('gitsigns')
017.180  000.054  000.054: require('gitsigns.highlight')
018.616  000.044  000.044: require('gitsigns.debounce')
019.124  000.039  000.039: require('mason-core.path')
019.215  000.050  000.050: require('mason-core.functional')
019.296  000.036  000.036: require('mason-core.functional.data')
019.298  000.076  000.040: require('mason-core.functional.function')
019.339  000.036  000.036: require('mason-core.functional.relation')
019.379  000.038  000.038: require('mason-core.functional.logic')
019.384  000.260  000.061: require('mason-core.platform')
019.425  000.041  000.041: require('mason.settings')
019.426  000.610  000.271: require('mason')
019.610  000.070  000.070: require('mason-core.functional.list')
019.655  000.044  000.044: require('mason-core.functional.string')
019.667  000.179  000.065: require('mason.api.command')
019.718  000.048  000.048: require('mason-registry.sources')
020.144  000.075  000.075: require('fidget.log')
020.149  000.283  000.208: require('fidget')
020.200  000.046  000.046: require('fidget.spinners')
020.364  000.053  000.053: require('vim.lsp.log')
020.566  000.194  000.194: require('vim.lsp.protocol')
020.859  000.195  000.195: require('vim.lsp._snippet_grammar')
020.909  000.048  000.048: require('vim.highlight')
020.913  000.003  000.003: require('vim.F')
020.924  000.357  000.111: require('vim.lsp.util')
021.083  000.077  000.077: require('vim.lsp.sync')
021.086  000.156  000.080: require('vim.lsp._changetracking')
021.210  000.123  000.123: require('vim.lsp.rpc')
021.238  001.037  000.153: require('vim.lsp')
021.360  000.121  000.121: require('vim.lsp.handlers')
021.494  000.052  000.052: sourcing /Users/anthonyprancl/.local/share/nvim/lazy/nvim-lspconfig/plugin/lspconfig.lua
021.801  000.020  000.020: sourcing /Users/anthonyprancl/.local/share/nvim/lazy/plenary.nvim/plugin/plenary.vim
022.562  000.254  000.254: require('vim.ui')
022.567  000.331  000.077: require('dressing.patch')
022.572  000.558  000.227: require('dressing')
022.575  000.590  000.032: sourcing /Users/anthonyprancl/.local/share/nvim/lazy/dressing.nvim/plugin/dressing.lua
022.770  000.062  000.062: require('flutter-tools.lazy')
022.774  000.148  000.086: require('flutter-tools')
022.981  000.048  000.048: require('flutter-tools.utils.path')
022.984  000.209  000.160: require('flutter-tools.config')
023.058  000.044  000.044: require('flutter-tools.log')
023.520  000.100  000.100: sourcing /Users/anthonyprancl/.local/share/nvim/lazy/telescope.nvim/plugin/telescope.lua
023.961  000.039  000.039: require('Comment.config')
024.059  000.055  000.055: require('Comment.ft')
024.061  000.099  000.044: require('Comment.utils')
024.129  000.068  000.068: require('Comment.opfunc')
024.192  000.062  000.062: require('Comment.extra')
024.194  000.457  000.189: require('Comment.api')
024.268  000.559  000.102: sourcing /Users/anthonyprancl/.local/share/nvim/lazy/Comment.nvim/plugin/Comment.lua
024.323  000.039  000.039: require('Comment')
024.477  000.009  000.009: sourcing /Users/anthonyprancl/.local/share/nvim/lazy/nightfox.nvim/plugin/nightfox.vim
024.894  000.150  000.150: sourcing /Users/anthonyprancl/.local/share/nvim/lazy/vim-sleuth/plugin/sleuth.vim
025.158  000.029  000.029: sourcing /Users/anthonyprancl/.local/share/nvim/lazy/vim-rhubarb/plugin/rhubarb.vim
025.970  000.462  000.462: require('vim.filetype')
026.409  000.037  000.037: require('luasnip.util.types')
026.445  000.035  000.035: require('luasnip.util.ext_opts')
026.563  000.036  000.036: require('luasnip.session')
027.114  000.633  000.597: require('luasnip.util.util')
027.115  000.670  000.036: require('luasnip.extras.filetype_functions')
027.165  001.111  000.369: require('luasnip.config')
027.335  000.067  000.067: require('luasnip.session.snippet_collection.source')
027.338  000.112  000.045: require('luasnip.session.snippet_collection')
027.550  000.173  000.173: require('luasnip.util._builtin_vars')
027.572  000.233  000.059: require('luasnip.util.environ')
027.613  000.041  000.041: require('luasnip.util.extend_decorator')
027.744  000.060  000.060: require('luasnip.loaders._caches')
027.826  000.043  000.043: require('luasnip.util.path')
027.828  000.083  000.040: require('luasnip.loaders.util')
027.831  000.217  000.074: require('luasnip.loaders')
027.889  000.056  000.056: require('luasnip.util.log')
027.894  000.727  000.068: require('luasnip')
027.911  002.430  000.131: sourcing /Users/anthonyprancl/.local/share/nvim/lazy/LuaSnip/plugin/luasnip.lua
027.957  000.010  000.010: sourcing /Users/anthonyprancl/.local/share/nvim/lazy/LuaSnip/plugin/luasnip.vim
028.434  000.053  000.053: require('cmp.utils.api')
028.532  000.042  000.042: require('cmp.types.cmp')
028.656  000.053  000.053: require('cmp.utils.misc')
028.677  000.144  000.091: require('cmp.types.lsp')
028.719  000.041  000.041: require('cmp.types.vim')
028.720  000.285  000.057: require('cmp.types')
028.761  000.040  000.040: require('cmp.utils.highlight')
028.865  000.067  000.067: require('cmp.utils.debug')
028.867  000.106  000.039: require('cmp.utils.autocmd')
028.999  000.651  000.168: sourcing /Users/anthonyprancl/.local/share/nvim/lazy/nvim-cmp/plugin/cmp.lua
029.974  000.056  000.056: require('vim.treesitter.language')
030.013  000.037  000.037: require('vim.func')
030.056  000.041  000.041: require('vim.func._memoize')
030.064  000.221  000.087: require('vim.treesitter.query')
030.112  000.047  000.047: require('vim.treesitter._range')
030.118  000.339  000.071: require('vim.treesitter.languagetree')
030.120  000.397  000.057: require('vim.treesitter')
030.123  000.452  000.055: require('nvim-treesitter.compat')
031.344  001.073  001.073: require('nvim-treesitter.parsers')
031.398  000.053  000.053: require('nvim-treesitter.utils')
031.400  001.189  000.063: require('nvim-treesitter.ts_utils')
031.402  001.279  000.090: require('nvim-treesitter.tsrange')
031.470  000.067  000.067: require('nvim-treesitter.caching')
031.474  001.881  000.083: require('nvim-treesitter.query')
031.480  001.954  000.073: require('nvim-treesitter.configs')
031.481  002.152  000.198: require('nvim-treesitter-textobjects')
031.632  000.045  000.045: require('nvim-treesitter.info')
031.682  000.049  000.049: require('nvim-treesitter.shell_command_selectors')
031.690  000.170  000.076: require('nvim-treesitter.install')
031.730  000.039  000.039: require('nvim-treesitter.statusline')
031.796  000.065  000.065: require('nvim-treesitter.query_predicates')
031.797  000.316  000.042: require('nvim-treesitter')
031.893  000.053  000.053: require('nvim-treesitter.textobjects.shared')
031.894  000.095  000.042: require('nvim-treesitter.textobjects.select')
031.991  000.038  000.038: require('nvim-treesitter.textobjects.attach')
032.033  000.041  000.041: require('nvim-treesitter.textobjects.repeatable_move')
032.036  000.132  000.053: require('nvim-treesitter.textobjects.move')
032.180  000.039  000.039: require('nvim-treesitter.textobjects.swap')
032.238  000.040  000.040: require('nvim-treesitter.textobjects.lsp_interop')
032.266  002.943  000.169: sourcing /Users/anthonyprancl/.local/share/nvim/lazy/nvim-treesitter-textobjects/plugin/nvim-treesitter-textobjects.vim
032.642  000.323  000.323: sourcing /Users/anthonyprancl/.local/share/nvim/lazy/nvim-treesitter/plugin/nvim-treesitter.lua
032.742  000.004  000.004: sourcing /Users/anthonyprancl/.local/share/nvim/lazy/which-key.nvim/plugin/which-key.vim
033.083  000.038  000.038: require('which-key.util')
033.084  000.074  000.037: require('which-key.tree')
033.148  000.063  000.063: require('which-key.config')
033.151  000.184  000.047: require('which-key.keys')
033.152  000.363  000.179: require('which-key')
033.503  000.045  000.045: require('ibl.utils')
033.505  000.089  000.043: require('ibl.config')
033.578  000.035  000.035: require('ibl.indent')
033.580  000.075  000.040: require('ibl.hooks')
033.581  000.203  000.039: require('ibl.highlights')
033.617  000.035  000.035: require('ibl.autocmds')
033.653  000.035  000.035: require('ibl.inlay_hints')
033.688  000.035  000.035: require('ibl.virt_text')
033.796  000.073  000.073: require('ibl.scope_languages')
033.797  000.108  000.035: require('ibl.scope')
033.799  000.603  000.187: require('ibl')
033.867  000.045  000.045: require('vim.iter')
034.486  000.394  000.394: sourcing /Users/anthonyprancl/.local/share/nvim/lazy/vim-fugitive/plugin/fugitive.vim
034.541  000.004  000.004: sourcing /Users/anthonyprancl/.local/share/nvim/lazy/vim-fugitive/ftdetect/fugitive.vim
034.973  000.034  000.034: sourcing /opt/homebrew/Cellar/neovim/0.10.0/share/nvim/runtime/plugin/editorconfig.lua
035.067  000.053  000.053: sourcing /opt/homebrew/Cellar/neovim/0.10.0/share/nvim/runtime/plugin/gzip.vim
035.136  000.036  000.036: sourcing /opt/homebrew/Cellar/neovim/0.10.0/share/nvim/runtime/plugin/man.lua
036.107  000.080  000.080: sourcing /opt/homebrew/Cellar/neovim/0.10.0/share/nvim/runtime/pack/dist/opt/matchit/plugin/matchit.vim
036.114  000.913  000.833: sourcing /opt/homebrew/Cellar/neovim/0.10.0/share/nvim/runtime/plugin/matchit.vim
036.220  000.070  000.070: sourcing /opt/homebrew/Cellar/neovim/0.10.0/share/nvim/runtime/plugin/matchparen.vim
036.366  000.109  000.109: sourcing /opt/homebrew/Cellar/neovim/0.10.0/share/nvim/runtime/plugin/netrwPlugin.vim
036.448  000.047  000.047: sourcing /opt/homebrew/Cellar/neovim/0.10.0/share/nvim/runtime/plugin/osc52.lua
036.548  000.056  000.056: sourcing /opt/homebrew/Cellar/neovim/0.10.0/share/nvim/runtime/plugin/rplugin.vim
036.635  000.024  000.024: sourcing /opt/homebrew/Cellar/neovim/0.10.0/share/nvim/runtime/plugin/shada.vim
036.677  000.007  000.007: sourcing /opt/homebrew/Cellar/neovim/0.10.0/share/nvim/runtime/plugin/spellfile.vim
036.741  000.030  000.030: sourcing /opt/homebrew/Cellar/neovim/0.10.0/share/nvim/runtime/plugin/tarPlugin.vim
036.802  000.027  000.027: sourcing /opt/homebrew/Cellar/neovim/0.10.0/share/nvim/runtime/plugin/tohtml.lua
036.847  000.006  000.006: sourcing /opt/homebrew/Cellar/neovim/0.10.0/share/nvim/runtime/plugin/tutor.vim
036.931  000.051  000.051: sourcing /opt/homebrew/Cellar/neovim/0.10.0/share/nvim/runtime/plugin/zipPlugin.vim
037.109  000.050  000.050: sourcing /Users/anthonyprancl/.local/share/nvim/lazy/indent-blankline.nvim/after/plugin/commands.lua
037.291  000.044  000.044: require('cmp_nvim_lsp.source')
037.293  000.095  000.051: require('cmp_nvim_lsp')
037.297  000.132  000.037: sourcing /Users/anthonyprancl/.local/share/nvim/lazy/cmp-nvim-lsp/after/plugin/cmp_nvim_lsp.lua
037.575  000.050  000.050: require('cmp.utils.char')
037.578  000.089  000.039: require('cmp.utils.str')
037.771  000.062  000.062: require('cmp.utils.buffer')
037.773  000.130  000.067: require('cmp.utils.keymap')
037.774  000.196  000.066: require('cmp.utils.feedkeys')
037.983  000.074  000.074: require('cmp.config.mapping')
038.022  000.038  000.038: require('cmp.utils.cache')
038.107  000.040  000.040: require('cmp.config.compare')
038.108  000.085  000.045: require('cmp.config.default')
038.114  000.259  000.061: require('cmp.config')
038.118  000.344  000.085: require('cmp.utils.async')
038.196  000.040  000.040: require('cmp.utils.pattern')
038.197  000.079  000.039: require('cmp.context')
038.348  000.058  000.058: require('cmp.utils.snippet')
038.406  000.042  000.042: require('cmp.matcher')
038.408  000.168  000.068: require('cmp.entry')
038.411  000.213  000.045: require('cmp.source')
038.488  000.036  000.036: require('cmp.utils.event')
038.607  000.036  000.036: require('cmp.utils.options')
038.610  000.083  000.048: require('cmp.utils.window')
038.611  000.123  000.039: require('cmp.view.docs_view')
038.669  000.057  000.057: require('cmp.view.custom_entries_view')
038.717  000.048  000.048: require('cmp.view.wildmenu_entries_view')
038.763  000.045  000.045: require('cmp.view.native_entries_view')
038.817  000.054  000.054: require('cmp.view.ghost_text_view')
038.821  000.409  000.047: require('cmp.view')
039.097  001.657  000.328: require('cmp.core')
039.180  000.042  000.042: require('cmp.config.sources')
039.229  000.048  000.048: require('cmp.config.window')
039.274  001.880  000.133: require('cmp')
039.345  000.070  000.070: require('cmp_luasnip')
039.358  002.010  000.059: sourcing /Users/anthonyprancl/.local/share/nvim/lazy/cmp_luasnip/after/plugin/cmp_luasnip.lua
039.522  000.043  000.043: require('telescope._extensions')
039.524  000.089  000.046: require('telescope')
039.732  000.050  000.050: require('plenary.bit')
039.772  000.039  000.039: require('plenary.functional')
039.787  000.162  000.073: require('plenary.path')
039.795  000.215  000.053: require('plenary.strings')
039.833  000.038  000.038: require('telescope.deprecated')
040.012  000.092  000.092: require('plenary.log')
040.045  000.162  000.070: require('telescope.log')
040.282  000.065  000.065: require('plenary.compat')
040.286  000.146  000.081: require('plenary.job')
040.333  000.047  000.047: require('telescope.state')
040.347  000.301  000.108: require('telescope.utils')
040.353  000.519  000.056: require('telescope.sorters')
041.485  001.960  001.188: require('telescope.config')
042.326  000.242  000.242: require('fzf_lib')
042.329  000.314  000.072: require('telescope._extensions.fzf')
042.460  000.126  000.126: require('telescope.builtin')
044.183  000.068  000.068: require('nvim-treesitter.indent')
044.252  000.048  000.048: require('nvim-treesitter.highlight')
044.375  000.059  000.059: require('nvim-treesitter.locals')
044.378  000.113  000.053: require('nvim-treesitter.incremental_selection')
044.538  000.159  000.159: require('vim.diagnostic')
044.647  000.044  000.044: require('neodev')
044.690  000.043  000.043: require('neodev.config')
044.783  000.047  000.047: require('neodev.util')
044.785  000.091  000.045: require('neodev.lsp')
044.889  000.104  000.104: require('lspconfig.util')
045.297  000.067  000.067: require('mason-core.log')
045.341  000.043  000.043: require('mason-lspconfig.settings')
045.343  000.163  000.053: require('mason-lspconfig')
045.468  000.073  000.073: require('mason-lspconfig.notify')
045.471  000.123  000.050: require('mason-lspconfig.lspconfig_hook')
045.597  000.061  000.061: require('mason-core.functional.table')
045.612  000.141  000.080: require('mason-lspconfig.mappings.server')
045.794  000.130  000.130: require('mason-core.EventEmitter')
045.891  000.097  000.097: require('mason-core.optional')
046.133  000.154  000.154: require('mason-core.async')
046.214  000.077  000.077: require('mason-core.async.uv')
046.224  000.332  000.101: require('mason-core.fs')
046.255  000.642  000.083: require('mason-registry')
046.342  000.086  000.086: require('mason-lspconfig.server_config_extensions')
046.605  000.164  000.164: require('lspconfig.async')
046.606  000.263  000.099: require('lspconfig.configs')
046.719  000.112  000.112: require('lspconfig.server_configurations.omnisharp')
046.818  000.072  000.072: require('mason-lspconfig.ensure_installed')
046.975  000.078  000.078: require('mason-core.result')
047.110  000.055  000.055: require('mason-core.process')
047.192  000.081  000.081: require('mason-core.spawn')
047.193  000.178  000.041: require('mason-core.managers.powershell')
047.230  000.036  000.036: require('mason.version')
047.231  000.255  000.042: require('mason-core.fetch')
047.269  000.037  000.037: require('mason-core.providers')
047.442  000.062  000.062: require('mason-core.purl')
047.448  000.142  000.080: require('mason-core.package')
047.607  000.067  000.067: require('mason-core.installer.registry.expr')
047.610  000.117  000.049: require('mason-core.installer.registry.link')
047.851  000.063  000.063: require('mason-core.receipt')
047.860  000.119  000.056: require('mason-core.installer.context')
047.902  000.041  000.041: require('mason-core.async.control')
047.943  000.041  000.041: require('mason-core.installer.linker')
047.945  000.250  000.050: require('mason-core.installer')
047.952  000.302  000.052: require('mason-core.installer.managers.std')
047.953  000.342  000.040: require('mason-core.installer.registry.schemas')
047.995  000.042  000.042: require('mason-core.installer.registry.util')
047.999  000.551  000.051: require('mason-core.installer.registry')
048.000  000.730  000.037: require('mason-registry.sources.util')
048.004  001.182  000.082: require('mason-registry.sources.github')
050.646  000.040  000.040: require('mason-core.functional.number')
050.654  000.098  000.058: require('mason-lspconfig.api.command')
050.801  000.046  000.046: require('lspconfig')
050.850  000.048  000.048: require('lspconfig.server_configurations.ast_grep')
051.169  000.047  000.047: require('lspconfig.manager')
051.215  000.043  000.043: require('lspconfig.server_configurations.clangd')
051.455  000.041  000.041: require('lspconfig.server_configurations.cmake')
051.651  000.041  000.041: require('lspconfig.server_configurations.lua_ls')
051.834  000.039  000.039: require('lspconfig.server_configurations.yamlls')
052.071  000.095  000.095: require('lspconfig.server_configurations.jdtls')
052.318  000.039  000.039: require('lspconfig.server_configurations.ruff')
052.552  000.039  000.039: require('lspconfig.server_configurations.pyright')
052.833  000.090  000.090: require('luasnip.util.jsonc')
052.836  000.138  000.047: require('luasnip.loaders.from_vscode')
055.098  000.062  000.062: require('luasnip.nodes.key_indexer')
055.099  000.100  000.038: require('luasnip.nodes.util')
055.134  000.034  000.034: require('luasnip.util.events')
055.138  000.182  000.047: require('luasnip.nodes.node')
055.189  000.050  000.050: require('luasnip.nodes.insertNode')
055.229  000.040  000.040: require('luasnip.nodes.textNode')
055.271  000.041  000.041: require('luasnip.util.mark')
055.307  000.035  000.035: require('luasnip.util.pattern_tokenizer')
055.345  000.038  000.038: require('luasnip.util.dict')
055.381  000.035  000.035: require('luasnip.nodes.util.trig_engines')
055.397  000.499  000.079: require('luasnip.nodes.snippet')
055.398  000.543  000.044: require('luasnip.nodes.duplicate')
055.595  000.042  000.042: require('luasnip.util.parser.neovim_ast')
055.632  000.036  000.036: require('luasnip.util.str')
055.671  000.038  000.038: require('luasnip.util.directed_graph')
055.673  000.158  000.042: require('luasnip.util.parser.ast_utils')
055.716  000.042  000.042: require('luasnip.nodes.functionNode')
055.765  000.048  000.048: require('luasnip.nodes.choiceNode')
055.834  000.069  000.069: require('luasnip.nodes.dynamicNode')
055.873  000.038  000.038: require('luasnip.util.functions')
055.876  000.399  000.043: require('luasnip.util.parser.ast_parser')
055.929  000.053  000.053: require('luasnip.util.parser.neovim_parser')
055.931  000.492  000.040: require('luasnip.util.parser')
055.932  000.531  000.039: require('luasnip.nodes.snippetProxy')
055.974  000.041  000.041: require('luasnip.nodes.multiSnippet')
058.894  000.042  000.042: require('lualine_require')
059.047  000.258  000.216: require('lualine')
059.819  000.069  000.069: require('lualine.highlight')
061.327  000.078  000.078: require('lualine.utils.mode')
061.797  003.050  002.647: require('lualine-config.init')
061.798  058.692  021.143: sourcing /Users/anthonyprancl/.config/nvim/init.lua
061.803  000.391: sourcing vimrc file(s)
061.988  000.032  000.032: sourcing /opt/homebrew/Cellar/neovim/0.10.0/share/nvim/runtime/filetype.lua
062.191  000.028  000.028: sourcing /opt/homebrew/Cellar/neovim/0.10.0/share/nvim/runtime/syntax/synload.vim
062.271  000.219  000.191: sourcing /opt/homebrew/Cellar/neovim/0.10.0/share/nvim/runtime/syntax/syntax.vim
062.274  000.220: inits 3
063.505  001.230: reading ShaDa
063.568  000.052  000.052: require('luasnip.loaders.from_lua')
063.618  000.043  000.043: require('luasnip.loaders.from_snipmate')
063.666  000.066: opening buffers
063.744  000.078: BufEnter autocommands
063.745  000.001: editing files in windows
063.830  000.071  000.071: require('which-key.plugins')
063.870  000.038  000.038: require('which-key.plugins.marks')
063.933  000.061  000.061: require('which-key.mappings')
064.077  000.037  000.037: require('which-key.plugins.spelling')
064.153  000.046  000.046: require('which-key.plugins.presets')
064.194  000.040  000.040: require('which-key.plugins.presets.misc')
064.240  000.043  000.043: require('which-key.plugins.registers')
064.326  000.040  000.040: require('which-key.colors')
068.329  004.207: VimEnter autocommands
068.401  000.072: UIEnter autocommands
068.609  000.072  000.072: sourcing /opt/homebrew/Cellar/neovim/0.10.0/share/nvim/runtime/autoload/provider/clipboard.vim
068.612  000.138: before starting main loop
104.196  000.140  000.140: require('gitsigns.util')
104.200  000.317  000.178: require('gitsigns.cache')
104.387  000.088  000.088: require('gitsigns.system')
104.445  000.056  000.056: require('gitsigns.message')
104.530  000.085  000.085: require('gitsigns.git.version')
104.538  000.338  000.109: require('gitsigns.git')
104.628  000.086  000.086: require('vim._system')
719.037  649.684: first screen update
719.039  000.002: --- NVIM STARTED ---


sourcing "/opt/homebrew/Cellar/neovim/0.10.0/share/nvim/runtime/ftplugin.vim"
finished sourcing /opt/homebrew/Cellar/neovim/0.10.0/share/nvim/runtime/ftplugin.vim
sourcing "/opt/homebrew/Cellar/neovim/0.10.0/share/nvim/runtime/indent.vim"
finished sourcing /opt/homebrew/Cellar/neovim/0.10.0/share/nvim/runtime/indent.vim
could not source "/opt/homebrew/etc/xdg/nvim/sysinit.vim"
could not source "/etc/xdg/nvim/sysinit.vim"
could not source "$VIM/sysinit.vim"
sourcing "/Users/anthonyprancl/.config/nvim/init.lua"
                                                     n  <C-W><C-D>    <C-W>d
                 Show diagnostics under the cursor
	Last set from ~/.config/nvim/vim/_defaults.lua
n  <C-W>d      * <Lua 16: vim/_defaults.lua:0>
                 Show diagnostics under the cursor
	Last set from ~/.config/nvim/vim/_defaults.lua
line 0: sourcing "/opt/homebrew/Cellar/neovim/0.10.0/share/nvim/runtime/filetype.lua"
not found in runtime path: "ftdetect/*.{vim,lua}"
finished sourcing /opt/homebrew/Cellar/neovim/0.10.0/share/nvim/runtime/filetype.lua
continuing in nvim_exec2() called at /Users/anthonyprancl/.config/nvim/init.lua:0
line 0: sourcing "/Users/anthonyprancl/.local/share/nvim/lazy/mellifluous.nvim/colors/mellifluous.lua"
finished sourcing /Users/anthonyprancl/.local/share/nvim/lazy/mellifluous.nvim/colors/mellifluous.lua
continuing in /Users/anthonyprancl/.config/nvim/init.lua
line 0: sourcing "/Users/anthonyprancl/.local/share/nvim/lazy/mellifluous.nvim/colors/mellifluous.lua"
finished sourcing /Users/anthonyprancl/.local/share/nvim/lazy/mellifluous.nvim/colors/mellifluous.lua
continuing in nvim_exec2() called at nvim_exec2() called at /Users/anthonyprancl/.config/nvim/init.lua:0:0
line 0: sourcing "/Users/anthonyprancl/.local/share/nvim/lazy/Comment.nvim/plugin/Comment.lua"
finished sourcing /Users/anthonyprancl/.local/share/nvim/lazy/Comment.nvim/plugin/Comment.lua
continuing in nvim_exec2() called at /Users/anthonyprancl/.config/nvim/init.lua:0
line 0: sourcing "/Users/anthonyprancl/.local/share/nvim/lazy/plenary.nvim/plugin/plenary.vim"
finished sourcing /Users/anthonyprancl/.local/share/nvim/lazy/plenary.nvim/plugin/plenary.vim
continuing in nvim_exec2() called at /Users/anthonyprancl/.config/nvim/init.lua:0
line 0: sourcing "/Users/anthonyprancl/.local/share/nvim/lazy/dressing.nvim/plugin/dressing.lua"
finished sourcing /Users/anthonyprancl/.local/share/nvim/lazy/dressing.nvim/plugin/dressing.lua
continuing in nvim_exec2() called at /Users/anthonyprancl/.config/nvim/init.lua:0
line 0: sourcing "/Users/anthonyprancl/.local/share/nvim/lazy/telescope.nvim/plugin/telescope.lua"
finished sourcing /Users/anthonyprancl/.local/share/nvim/lazy/telescope.nvim/plugin/telescope.lua
continuing in nvim_exec2() called at /Users/anthonyprancl/.config/nvim/init.lua:0
line 0: sourcing "/Users/anthonyprancl/.local/share/nvim/lazy/nvim-treesitter-textobjects/plugin/nvim-treesitter-textobjects.vim"
finished sourcing /Users/anthonyprancl/.local/share/nvim/lazy/nvim-treesitter-textobjects/plugin/nvim-treesitter-textobjects.vim
continuing in nvim_exec2() called at /Users/anthonyprancl/.config/nvim/init.lua:0
line 0: sourcing "/Users/anthonyprancl/.local/share/nvim/lazy/nvim-treesitter/plugin/nvim-treesitter.lua"
finished sourcing /Users/anthonyprancl/.local/share/nvim/lazy/nvim-treesitter/plugin/nvim-treesitter.lua
continuing in nvim_exec2() called at /Users/anthonyprancl/.config/nvim/init.lua:0
line 0: sourcing "/Users/anthonyprancl/.local/share/nvim/lazy/LuaSnip/plugin/luasnip.lua"
finished sourcing /Users/anthonyprancl/.local/share/nvim/lazy/LuaSnip/plugin/luasnip.lua
continuing in nvim_exec2() called at /Users/anthonyprancl/.config/nvim/init.lua:0
line 0: sourcing "/Users/anthonyprancl/.local/share/nvim/lazy/LuaSnip/plugin/luasnip.vim"
finished sourcing /Users/anthonyprancl/.local/share/nvim/lazy/LuaSnip/plugin/luasnip.vim
continuing in nvim_exec2() called at /Users/anthonyprancl/.config/nvim/init.lua:0
line 0: sourcing "/Users/anthonyprancl/.local/share/nvim/lazy/nvim-cmp/plugin/cmp.lua"
finished sourcing /Users/anthonyprancl/.local/share/nvim/lazy/nvim-cmp/plugin/cmp.lua
continuing in nvim_exec2() called at /Users/anthonyprancl/.config/nvim/init.lua:0
line 0: sourcing "/Users/anthonyprancl/.local/share/nvim/lazy/nightfox.nvim/plugin/nightfox.vim"
finished sourcing /Users/anthonyprancl/.local/share/nvim/lazy/nightfox.nvim/plugin/nightfox.vim
continuing in nvim_exec2() called at /Users/anthonyprancl/.config/nvim/init.lua:0
line 0: sourcing "/Users/anthonyprancl/.local/share/nvim/lazy/vim-fugitive/plugin/fugitive.vim"
finished sourcing /Users/anthonyprancl/.local/share/nvim/lazy/vim-fugitive/plugin/fugitive.vim
continuing in nvim_exec2() called at /Users/anthonyprancl/.config/nvim/init.lua:0
line 0: sourcing "/Users/anthonyprancl/.local/share/nvim/lazy/vim-fugitive/ftdetect/fugitive.vim"
finished sourcing /Users/anthonyprancl/.local/share/nvim/lazy/vim-fugitive/ftdetect/fugitive.vim
continuing in nvim_exec2() called at /Users/anthonyprancl/.config/nvim/init.lua:0
line 0: sourcing "/Users/anthonyprancl/.local/share/nvim/lazy/nvim-lspconfig/plugin/lspconfig.lua"
finished sourcing /Users/anthonyprancl/.local/share/nvim/lazy/nvim-lspconfig/plugin/lspconfig.lua
continuing in nvim_exec2() called at /Users/anthonyprancl/.config/nvim/init.lua:0
line 0: sourcing "/Users/anthonyprancl/.local/share/nvim/lazy/vim-sleuth/plugin/sleuth.vim"
finished sourcing /Users/anthonyprancl/.local/share/nvim/lazy/vim-sleuth/plugin/sleuth.vim
continuing in nvim_exec2() called at /Users/anthonyprancl/.config/nvim/init.lua:0
line 0: sourcing "/Users/anthonyprancl/.local/share/nvim/lazy/which-key.nvim/plugin/which-key.vim"
finished sourcing /Users/anthonyprancl/.local/share/nvim/lazy/which-key.nvim/plugin/which-key.vim
continuing in nvim_exec2() called at /Users/anthonyprancl/.config/nvim/init.lua:0
line 0: sourcing "/Users/anthonyprancl/.local/share/nvim/lazy/vim-rhubarb/plugin/rhubarb.vim"
finished sourcing /Users/anthonyprancl/.local/share/nvim/lazy/vim-rhubarb/plugin/rhubarb.vim
continuing in nvim_exec2() called at /Users/anthonyprancl/.config/nvim/init.lua:0
line 0: sourcing "/opt/homebrew/Cellar/neovim/0.10.0/share/nvim/runtime/plugin/editorconfig.lua"
finished sourcing /opt/homebrew/Cellar/neovim/0.10.0/share/nvim/runtime/plugin/editorconfig.lua
continuing in nvim_exec2() called at /Users/anthonyprancl/.config/nvim/init.lua:0
line 0: sourcing "/opt/homebrew/Cellar/neovim/0.10.0/share/nvim/runtime/plugin/gzip.vim"
finished sourcing /opt/homebrew/Cellar/neovim/0.10.0/share/nvim/runtime/plugin/gzip.vim
continuing in nvim_exec2() called at /Users/anthonyprancl/.config/nvim/init.lua:0
line 0: sourcing "/opt/homebrew/Cellar/neovim/0.10.0/share/nvim/runtime/plugin/man.lua"
finished sourcing /opt/homebrew/Cellar/neovim/0.10.0/share/nvim/runtime/plugin/man.lua
continuing in nvim_exec2() called at /Users/anthonyprancl/.config/nvim/init.lua:0
line 0: sourcing "/opt/homebrew/Cellar/neovim/0.10.0/share/nvim/runtime/plugin/matchit.vim"
not found in 'packpath': "pack/*/start/matchit"
line 3: sourcing "/opt/homebrew/Cellar/neovim/0.10.0/share/nvim/runtime/pack/dist/opt/matchit/plugin/matchit.vim"
finished sourcing /opt/homebrew/Cellar/neovim/0.10.0/share/nvim/runtime/pack/dist/opt/matchit/plugin/matchit.vim
continuing in /opt/homebrew/Cellar/neovim/0.10.0/share/nvim/runtime/plugin/matchit.vim
finished sourcing /opt/homebrew/Cellar/neovim/0.10.0/share/nvim/runtime/plugin/matchit.vim
continuing in nvim_exec2() called at /Users/anthonyprancl/.config/nvim/init.lua:0
line 0: sourcing "/opt/homebrew/Cellar/neovim/0.10.0/share/nvim/runtime/plugin/matchparen.vim"
finished sourcing /opt/homebrew/Cellar/neovim/0.10.0/share/nvim/runtime/plugin/matchparen.vim
continuing in nvim_exec2() called at /Users/anthonyprancl/.config/nvim/init.lua:0
line 0: sourcing "/opt/homebrew/Cellar/neovim/0.10.0/share/nvim/runtime/plugin/netrwPlugin.vim"
finished sourcing /opt/homebrew/Cellar/neovim/0.10.0/share/nvim/runtime/plugin/netrwPlugin.vim
continuing in nvim_exec2() called at /Users/anthonyprancl/.config/nvim/init.lua:0
line 0: sourcing "/opt/homebrew/Cellar/neovim/0.10.0/share/nvim/runtime/plugin/osc52.lua"
finished sourcing /opt/homebrew/Cellar/neovim/0.10.0/share/nvim/runtime/plugin/osc52.lua
continuing in nvim_exec2() called at /Users/anthonyprancl/.config/nvim/init.lua:0
line 0: sourcing "/opt/homebrew/Cellar/neovim/0.10.0/share/nvim/runtime/plugin/rplugin.vim"
finished sourcing /opt/homebrew/Cellar/neovim/0.10.0/share/nvim/runtime/plugin/rplugin.vim
continuing in nvim_exec2() called at /Users/anthonyprancl/.config/nvim/init.lua:0
line 0: sourcing "/opt/homebrew/Cellar/neovim/0.10.0/share/nvim/runtime/plugin/shada.vim"
finished sourcing /opt/homebrew/Cellar/neovim/0.10.0/share/nvim/runtime/plugin/shada.vim
continuing in nvim_exec2() called at /Users/anthonyprancl/.config/nvim/init.lua:0
line 0: sourcing "/opt/homebrew/Cellar/neovim/0.10.0/share/nvim/runtime/plugin/spellfile.vim"
finished sourcing /opt/homebrew/Cellar/neovim/0.10.0/share/nvim/runtime/plugin/spellfile.vim
continuing in nvim_exec2() called at /Users/anthonyprancl/.config/nvim/init.lua:0
line 0: sourcing "/opt/homebrew/Cellar/neovim/0.10.0/share/nvim/runtime/plugin/tarPlugin.vim"
finished sourcing /opt/homebrew/Cellar/neovim/0.10.0/share/nvim/runtime/plugin/tarPlugin.vim
continuing in nvim_exec2() called at /Users/anthonyprancl/.config/nvim/init.lua:0
line 0: sourcing "/opt/homebrew/Cellar/neovim/0.10.0/share/nvim/runtime/plugin/tohtml.lua"
finished sourcing /opt/homebrew/Cellar/neovim/0.10.0/share/nvim/runtime/plugin/tohtml.lua
continuing in nvim_exec2() called at /Users/anthonyprancl/.config/nvim/init.lua:0
line 0: sourcing "/opt/homebrew/Cellar/neovim/0.10.0/share/nvim/runtime/plugin/tutor.vim"
finished sourcing /opt/homebrew/Cellar/neovim/0.10.0/share/nvim/runtime/plugin/tutor.vim
continuing in nvim_exec2() called at /Users/anthonyprancl/.config/nvim/init.lua:0
line 0: sourcing "/opt/homebrew/Cellar/neovim/0.10.0/share/nvim/runtime/plugin/zipPlugin.vim"
finished sourcing /opt/homebrew/Cellar/neovim/0.10.0/share/nvim/runtime/plugin/zipPlugin.vim
continuing in nvim_exec2() called at /Users/anthonyprancl/.config/nvim/init.lua:0
line 0: sourcing "/Users/anthonyprancl/.local/share/nvim/lazy/cmp-nvim-lsp/after/plugin/cmp_nvim_lsp.lua"
finished sourcing /Users/anthonyprancl/.local/share/nvim/lazy/cmp-nvim-lsp/after/plugin/cmp_nvim_lsp.lua
continuing in nvim_exec2() called at /Users/anthonyprancl/.config/nvim/init.lua:0
line 0: sourcing "/Users/anthonyprancl/.local/share/nvim/lazy/cmp_luasnip/after/plugin/cmp_luasnip.lua"
finished sourcing /Users/anthonyprancl/.local/share/nvim/lazy/cmp_luasnip/after/plugin/cmp_luasnip.lua
continuing in nvim_exec2() called at /Users/anthonyprancl/.config/nvim/init.lua:0
line 0: sourcing "/Users/anthonyprancl/.local/share/nvim/lazy/indent-blankline.nvim/after/plugin/commands.lua"
finished sourcing /Users/anthonyprancl/.local/share/nvim/lazy/indent-blankline.nvim/after/plugin/commands.lua
continuing in nvim_exec2() called at /Users/anthonyprancl/.config/nvim/init.lua:0
not found in runtime path: "lua/lualine/themes/mellifluous.lua"
not found in runtime path: "lua/lualine/themes/mellifluous/init.lua"
--- Autocommands ---
--- Autocommands ---
lualine  BufEnter
    *         lua require'lualine.components.branch.git_branch'.find_git_dir()
	Last set from ~/.config/nvim/vim/_editor.lua
--- Autocommands ---
--- Autocommands ---
finished sourcing /Users/anthonyprancl/.config/nvim/init.lua
sourcing "/opt/homebrew/Cellar/neovim/0.10.0/share/nvim/runtime/filetype.lua"
finished sourcing /opt/homebrew/Cellar/neovim/0.10.0/share/nvim/runtime/filetype.lua
sourcing "/opt/homebrew/Cellar/neovim/0.10.0/share/nvim/runtime/syntax/syntax.vim"
line 20: sourcing "/opt/homebrew/Cellar/neovim/0.10.0/share/nvim/runtime/syntax/synload.vim"
finished sourcing /opt/homebrew/Cellar/neovim/0.10.0/share/nvim/runtime/syntax/synload.vim
continuing in /opt/homebrew/Cellar/neovim/0.10.0/share/nvim/runtime/syntax/syntax.vim
finished sourcing /opt/homebrew/Cellar/neovim/0.10.0/share/nvim/runtime/syntax/syntax.vim
Reading ShaDa file "/Users/anthonyprancl/.local/state/nvim/shada/main.shada" info marks oldfiles
sourcing "/opt/homebrew/Cellar/neovim/0.10.0/share/nvim/runtime/autoload/provider/clipboard.vim"
finished sourcing /opt/homebrew/Cellar/neovim/0.10.0/share/nvim/runtime/autoload/provider/clipboard.vim
not found in runtime path: "lua/lualine/themes/mellifluous.lua"
not found in runtime path: "lua/lualine/themes/mellifluous/init.lua"
--- Autocommands ---
--- Autocommands ---
lualine  BufEnter
    *         lua require'lualine.components.branch.git_branch'.find_git_dir()
	Last set from ~/.config/nvim/vim/_editor.lua
--- Autocommands ---
--- Autocommands ---
not found in runtime path: "autoload/zoom.vim"


--- Terminal info --- {{{
&term: xterm-kitty
Description: KovIdTTY
Aliases: xterm-kitty
Boolean capabilities:
  auto_left_margin          bw         = false
  auto_right_margin         am         = true
  no_esc_ctlc               xsb        = false
  ceol_standout_glitch      xhp        = false
  eat_newline_glitch        xenl       = true
  erase_overstrike          eo         = false
  generic_type              gn         = false
  hard_copy                 hc         = false
  has_meta_key              km         = true
  has_status_line           hs         = true
  insert_null_glitch        in         = false
  memory_above              da         = false
  memory_below              db         = false
  move_insert_mode          mir        = true
  move_standout_mode        msgr       = true
  over_strike               os         = false
  status_line_esc_ok        eslok      = false
  dest_tabs_magic_smso      xt         = false
  tilde_glitch              hz         = false
  transparent_underline     ul         = false
  xon_xoff                  xon        = false
  needs_xon_xoff            nxon       = false
  prtr_silent               mc5i       = true
  hard_cursor               chts       = false
  non_rev_rmcup             nrrmc      = false
  no_pad_char               npc        = true
  non_dest_scroll_region    ndscr      = false
  can_change                ccc        = true
  back_color_erase          bce        = false
  hue_lightness_saturation  hls        = false
  col_addr_glitch           xhpa       = false
  cr_cancels_micro_mode     crxm       = false
  has_print_wheel           daisy      = false
  row_addr_glitch           xvpa       = false
  semi_auto_right_margin    sam        = false
  cpi_changes_res           cpix       = false
  lpi_changes_res           lpix       = false
  backspaces_with_bs        OTbs       = false
  crt_no_scrolling          OTns       = false
  no_correctly_working_cr   OTnc       = false
  gnu_has_meta_key          OTMT       = false
  linefeed_is_newline       OTNL       = false
  has_hardware_tabs         OTpt       = false
  return_does_clr_eol       OTxr       = false
Numeric capabilities:
  columns                   cols       = 80
  init_tabs                 it         = 8
  lines                     lines      = 24
  lines_of_memory           lm         = -1
  magic_cookie_glitch       xmc        = -1
  padding_baud_rate         pb         = -1
  virtual_terminal          vt         = -1
  width_status_line         wsl        = -1
  num_labels                nlab       = -1
  label_height              lh         = -1
  label_width               lw         = -1
  max_attributes            ma         = -1
  maximum_windows           wnum       = -1
  max_colors                colors     = 256
  max_pairs                 pairs      = 32767
  no_color_video            ncv        = -1
  buffer_capacity           bufsz      = -1
  dot_vert_spacing          spinv      = -1
  dot_horz_spacing          spinh      = -1
  max_micro_address         maddr      = -1
  max_micro_jump            mjump      = -1
  micro_col_size            mcs        = -1
  micro_line_size           mls        = -1
  number_of_pins            npins      = -1
  output_res_char           orc        = -1
  output_res_line           orl        = -1
  output_res_horz_inch      orhi       = -1
  output_res_vert_inch      orvi       = -1
  print_rate                cps        = -1
  wide_char_size            widcs      = -1
  buttons                   btns       = -1
  bit_image_entwining       bitwin     = -1
  bit_image_type            bitype     = -1
  magic_cookie_glitch_ul    OTug       = -1
  carriage_return_delay     OTdC       = -1
  new_line_delay            OTdN       = -1
  backspace_delay           OTdB       = -1
  horizontal_tab_delay      OTdT       = -1
  number_of_function_keys   OTkn       = -1
String capabilities:
  back_tab                  cbt        = ^[[Z
  bell                      bel        = ^G
  carriage_return           cr         = ^M
  change_scroll_region      csr        = ^[[%i%p1%d;%p2%dr
  clear_all_tabs            tbc        = ^[[3g
  clear_screen              clear      = ^[[H^[[2J
  clr_eol                   el         = ^[[K
  clr_eos                   ed         = ^[[J
  column_address            hpa        = ^[[%i%p1%dG
  cursor_address            cup        = ^[[%i%p1%d;%p2%dH
  cursor_down               cud1       = ^@
  cursor_home               home       = ^[[H
  cursor_invisible          civis      = ^[[?25l
  cursor_left               cub1       = ^H
  cursor_normal             cnorm      = ^[[?12h^[[?25h
  cursor_right              cuf1       = ^[[C
  cursor_up                 cuu1       = ^[[A
  cursor_visible            cvvis      = ^[[?12;25h
  delete_character          dch1       = ^[[P
  delete_line               dl1        = ^[[M
  dis_status_line           dsl        = ^[]2;^[\
  enter_alt_charset_mode    smacs      = ^[(0
  enter_bold_mode           bold       = ^[[1m
  enter_ca_mode             smcup      = ^[[?1049h
  enter_dim_mode            dim        = ^[[2m
  enter_insert_mode         smir       = ^[[4h
  enter_reverse_mode        rev        = ^[[7m
  enter_standout_mode       smso       = ^[[7m
  enter_underline_mode      smul       = ^[[4m
  erase_chars               ech        = ^[[%p1%dX
  exit_alt_charset_mode     rmacs      = ^[(B
  exit_attribute_mode       sgr0       = ^[(B^[[m
  exit_ca_mode              rmcup      = ^[[?1049l
  exit_insert_mode          rmir       = ^[[4l
  exit_standout_mode        rmso       = ^[[27m
  exit_underline_mode       rmul       = ^[[24m
  flash_screen              flash      = ^[[?5h$<100/>^[[?5l
  from_status_line          fsl        = ^G
  insert_line               il1        = ^[[L
  key_backspace             kbs        = ^?
  key_dc                    kdch1      = ^[[3~
  key_down                  kcud1      = ^[OB
  key_f1                    kf1        = ^[OP
  key_f10                   kf10       = ^[[21~
  key_f2                    kf2        = ^[OQ
  key_f3                    kf3        = ^[OR
  key_f4                    kf4        = ^[OS
  key_f5                    kf5        = ^[[15~
  key_f6                    kf6        = ^[[17~
  key_f7                    kf7        = ^[[18~
  key_f8                    kf8        = ^[[19~
  key_f9                    kf9        = ^[[20~
  key_home                  khome      = ^[OH
  key_ic                    kich1      = ^[[2~
  key_left                  kcub1      = ^[OD
  key_npage                 knp        = ^[[6~
  key_ppage                 kpp        = ^[[5~
  key_right                 kcuf1      = ^[OC
  key_sf                    kind       = ^[[1;2B
  key_sr                    kri        = ^[[1;2A
  key_up                    kcuu1      = ^[OA
  keypad_local              rmkx       = ^[[?1l
  keypad_xmit               smkx       = ^[[?1h
  parm_dch                  dch        = ^[[%p1%dP
  parm_delete_line          dl         = ^[[%p1%dM
  parm_down_cursor          cud        = ^[[%p1%dB
  parm_ich                  ich        = ^[[%p1%d@
  parm_index                indn       = ^[[%p1%dS
  parm_insert_line          il         = ^[[%p1%dL
  parm_left_cursor          cub        = ^[[%p1%dD
  parm_right_cursor         cuf        = ^[[%p1%dC
  parm_rindex               rin        = ^[[%p1%dT
  parm_up_cursor            cuu        = ^[[%p1%dA
  repeat_char               rep        = %p1%c^[[%p2%{1}%-%db
  reset_1string             rs1        = ^[]^[\^[c
  restore_cursor            rc         = ^[8
  row_address               vpa        = ^[[%i%p1%dd
  save_cursor               sc         = ^[7
  scroll_forward            ind        = ^@
  scroll_reverse            ri         = ^[M
  set_attributes            sgr        = %?%p9%t^[(0%e^[(B%;^[[0%?%p6%t;1%;%?%p2%t;4%;%?%p1%p3%|%t;7%;%?%p4%t;5%;%?%p7%t;8%;m
  set_tab                   hts        = ^[H
  tab                       ht         = 	
  to_status_line            tsl        = ^[]2;
  key_a1                    ka1        = 
  key_a3                    ka3        = 
  key_c1                    kc1        = 
  key_c3                    kc3        = 
  acs_chars                 acsc       = ++,,--..00``aaffgghhiijjkkllmmnnooppqqrrssttuuvvwwxxyyzz{{||}}~~
  key_btab                  kcbt       = ^[[Z
  enter_am_mode             smam       = ^[[?7h
  exit_am_mode              rmam       = ^[[?7l
  key_beg                   kbeg       = ^[OE
  key_end                   kend       = ^[OF
  key_help                  khlp       = 
  key_undo                  kund       = 
  key_sbeg                  kBEG       = ^[[1;2E
  key_sdc                   kDC        = ^[[3;2~
  key_send                  kEND       = ^[[1;2F
  key_shome                 kHOM       = ^[[1;2H
  key_sic                   kIC        = ^[[2;2~
  key_sleft                 kLFT       = ^[[1;2D
  key_snext                 kNXT       = ^[[6;2~
  key_sprevious             kPRV       = ^[[5;2~
  key_sright                kRIT       = ^[[1;2C
  key_f11                   kf11       = ^[[23~
  key_f12                   kf12       = ^[[24~
  key_f13                   kf13       = ^[[1;2P
  key_f14                   kf14       = ^[[1;2Q
  key_f15                   kf15       = ^[[13;2~
  key_f16                   kf16       = ^[[1;2S
  key_f17                   kf17       = ^[[15;2~
  key_f18                   kf18       = ^[[17;2~
  key_f19                   kf19       = ^[[18;2~
  key_f20                   kf20       = ^[[19;2~
  key_f21                   kf21       = ^[[20;2~
  key_f22                   kf22       = ^[[21;2~
  key_f23                   kf23       = ^[[23;2~
  key_f24                   kf24       = ^[[24;2~
  key_f25                   kf25       = ^[[1;5P
  key_f26                   kf26       = ^[[1;5Q
  key_f27                   kf27       = ^[[13;5~
  key_f28                   kf28       = ^[[1;5S
  key_f29                   kf29       = ^[[15;5~
  key_f30                   kf30       = ^[[17;5~
  key_f31                   kf31       = ^[[18;5~
  key_f32                   kf32       = ^[[19;5~
  key_f33                   kf33       = ^[[20;5~
  key_f34                   kf34       = ^[[21;5~
  key_f35                   kf35       = ^[[23;5~
  key_f36                   kf36       = ^[[24;5~
  key_f37                   kf37       = ^[[1;6P
  key_f38                   kf38       = ^[[1;6Q
  key_f39                   kf39       = ^[[13;6~
  key_f40                   kf40       = ^[[1;6S
  key_f41                   kf41       = ^[[15;6~
  key_f42                   kf42       = ^[[17;6~
  key_f43                   kf43       = ^[[18;6~
  key_f44                   kf44       = ^[[19;6~
  key_f45                   kf45       = ^[[20;6~
  key_f46                   kf46       = ^[[21;6~
  key_f47                   kf47       = ^[[23;6~
  key_f48                   kf48       = ^[[24;6~
  key_f49                   kf49       = ^[[1;3P
  key_f50                   kf50       = ^[[1;3Q
  key_f51                   kf51       = ^[[13;3~
  key_f52                   kf52       = ^[[1;3S
  key_f53                   kf53       = ^[[15;3~
  key_f54                   kf54       = ^[[17;3~
  key_f55                   kf55       = ^[[18;3~
  key_f56                   kf56       = ^[[19;3~
  key_f57                   kf57       = ^[[20;3~
  key_f58                   kf58       = ^[[21;3~
  key_f59                   kf59       = ^[[23;3~
  key_f60                   kf60       = ^[[24;3~
  key_f61                   kf61       = ^[[1;4P
  key_f62                   kf62       = ^[[1;4Q
  key_f63                   kf63       = ^[[13;4~
  clr_bol                   el1        = ^[[1K
  user6                     u6         = ^[[%i%d;%dR
  user7                     u7         = ^[[6n
  user8                     u8         = ^[[?%[;0123456789]c
  user9                     u9         = ^[[c
  orig_pair                 op         = ^[[39;49m
  orig_colors               oc         = ^[]104^G
  initialize_color          initc      = ^[]4;%p1%d;rgb:%p2%{255}%*%{1000}%/%2.2X/%p3%{255}%*%{1000}%/%2.2X/%p4%{255}%*%{1000}%/%2.2X^[\
  enter_italics_mode        sitm       = ^[[3m
  exit_italics_mode         ritm       = ^[[23m
  key_mouse                 kmous      = ^[[M
  set_a_foreground          setaf      = ^[[%?%p1%{8}%<%t3%p1%d%e%p1%{16}%<%t9%p1%{8}%-%d%e38;5;%p1%d%;m
  set_a_background          setab      = ^[[%?%p1%{8}%<%t4%p1%d%e%p1%{16}%<%t10%p1%{8}%-%d%e48;5;%p1%d%;m
  set_tb_margin             smgtb      = ^[[%i%p1%d;%p2%dr
Extended boolean capabilities:
  Su                        = true
  Tc                        = true
  XF                        = true
  fullkbd                   = true
Extended string capabilities:
  BD                        = ^[[?2004l
  BE                        = ^[[?2004h
  Cr                        = ^[]112^G
  Cs                        = ^[]12;%p1%s^G
  Ms                        = ^[]52;%p1%s;%p2%s^[\
  PE                        = ^[[201~
  PS                        = ^[[200~
  RV                        = ^[[>c
  Se                        = ^[[2 q
  Setulc                    = ^[[58:2:%p1%{65536}%/%d:%p1%{256}%/%{255}%&%d:%p1%{255}%&%d%;m
  Smulx                     = ^[[4:%p1%dm
  Ss                        = ^[[%p1%d q
  Sync                      = ^[P=%p1%ds^[\
  XR                        = ^[[>0q
  fd                        = ^[[?1004l
  fe                        = ^[[?1004h
  kBEG3                     = ^[[1;3E
  kBEG4                     = ^[[1;4E
  kBEG5                     = ^[[1;5E
  kBEG6                     = ^[[1;6E
  kBEG7                     = ^[[1;7E
  kDC3                      = ^[[3;3~
  kDC4                      = ^[[3;4~
  kDC5                      = ^[[3;5~
  kDC6                      = ^[[3;6~
  kDC7                      = ^[[3;7~
  kDN                       = ^[[1;2B
  kDN3                      = ^[[1;3B
  kDN4                      = ^[[1;4B
  kDN5                      = ^[[1;5B
  kDN6                      = ^[[1;6B
  kDN7                      = ^[[1;7B
  kEND3                     = ^[[1;3F
  kEND4                     = ^[[1;4F
  kEND5                     = ^[[1;5F
  kEND6                     = ^[[1;6F
  kEND7                     = ^[[1;7F
  kHOM3                     = ^[[1;3H
  kHOM4                     = ^[[1;4H
  kHOM5                     = ^[[1;5H
  kHOM6                     = ^[[1;6H
  kHOM7                     = ^[[1;7H
  kIC3                      = ^[[2;3~
  kIC4                      = ^[[2;4~
  kIC5                      = ^[[2;5~
  kIC6                      = ^[[2;6~
  kIC7                      = ^[[2;7~
  kLFT3                     = ^[[1;3D
  kLFT4                     = ^[[1;4D
  kLFT5                     = ^[[1;5D
  kLFT6                     = ^[[1;6D
  kLFT7                     = ^[[1;7D
  kNXT3                     = ^[[6;3~
  kNXT4                     = ^[[6;4~
  kNXT5                     = ^[[6;5~
  kNXT6                     = ^[[6;6~
  kNXT7                     = ^[[6;7~
  kPRV3                     = ^[[5;3~
  kPRV4                     = ^[[5;4~
  kPRV5                     = ^[[5;5~
  kPRV6                     = ^[[5;6~
  kPRV7                     = ^[[5;7~
  kRIT3                     = ^[[1;3C
  kRIT4                     = ^[[1;4C
  kRIT5                     = ^[[1;5C
  kRIT6                     = ^[[1;6C
  kRIT7                     = ^[[1;7C
  kUP                       = ^[[1;2A
  kUP3                      = ^[[1;3A
  kUP4                      = ^[[1;4A
  kUP5                      = ^[[1;5A
  kUP6                      = ^[[1;6A
  kUP7                      = ^[[1;7A
  kxIN                      = ^[[I
  kxOUT                     = ^[[O
  rmxx                      = ^[[29m
  setrgbb                   = ^[[48:2:%p1%d:%p2%d:%p3%dm
  setrgbf                   = ^[[38:2:%p1%d:%p2%d:%p3%dm
  smxx                      = ^[[9m
  ext.resize_screen         = ^[[8;%p1%d;%p2%dt
  ext.reset_scroll_region   = ^[[r
  ext.enter_altfont_mode    = ^[[11m
  ext.save_title            = ^[[22;0t
  ext.restore_title         = ^[[23;0t
  ext.enable_lr_margin      = ^[[?69h
  ext.disable_lr_margin     = ^[[?69l
  ext.enable_bpaste         = ^[[?2004h
  ext.disable_bpaste        = ^[[?2004l
  ext.enable_focus          = ^[[?1004h
  ext.disable_focus         = ^[[?1004l
  ext.enable_mouse          = ^[[?1002h^[[?1006h
  ext.disable_mouse         = ^[[?1002l^[[?1006l
  ext.enable_mouse_move     = ^[[?1003h
  ext.disable_mouse_move    = ^[[?1003l
  ext.set_underline_color   = ^[[58:2::%p1%d:%p2%d:%p3%dm
  Sync                      = ^[[?2026%?%p1%{1}%-%tl%eh%;
}}}


Writing ShaDa file "/Users/anthonyprancl/.local/state/nvim/shada/main.shada"
sourcing "/opt/homebrew/Cellar/neovim/0.10.0/share/nvim/runtime/ftplugin.vim"
finished sourcing /opt/homebrew/Cellar/neovim/0.10.0/share/nvim/runtime/ftplugin.vim
sourcing "/opt/homebrew/Cellar/neovim/0.10.0/share/nvim/runtime/indent.vim"
finished sourcing /opt/homebrew/Cellar/neovim/0.10.0/share/nvim/runtime/indent.vim
could not source "/opt/homebrew/etc/xdg/nvim/sysinit.vim"
could not source "/etc/xdg/nvim/sysinit.vim"
could not source "$VIM/sysinit.vim"
sourcing "/Users/anthonyprancl/.config/nvim/init.lua"
                                                     n  <C-W><C-D>    <C-W>d
                 Show diagnostics under the cursor
	Last set from ~/.config/nvim/vim/_defaults.lua
n  <C-W>d      * <Lua 16: vim/_defaults.lua:0>
                 Show diagnostics under the cursor
	Last set from ~/.config/nvim/vim/_defaults.lua
line 0: sourcing "/opt/homebrew/Cellar/neovim/0.10.0/share/nvim/runtime/filetype.lua"
not found in runtime path: "ftdetect/*.{vim,lua}"
finished sourcing /opt/homebrew/Cellar/neovim/0.10.0/share/nvim/runtime/filetype.lua
continuing in nvim_exec2() called at /Users/anthonyprancl/.config/nvim/init.lua:0
line 0: sourcing "/Users/anthonyprancl/.local/share/nvim/lazy/mellifluous.nvim/colors/mellifluous.lua"
finished sourcing /Users/anthonyprancl/.local/share/nvim/lazy/mellifluous.nvim/colors/mellifluous.lua
continuing in /Users/anthonyprancl/.config/nvim/init.lua
line 0: sourcing "/Users/anthonyprancl/.local/share/nvim/lazy/mellifluous.nvim/colors/mellifluous.lua"
finished sourcing /Users/anthonyprancl/.local/share/nvim/lazy/mellifluous.nvim/colors/mellifluous.lua
continuing in nvim_exec2() called at nvim_exec2() called at /Users/anthonyprancl/.config/nvim/init.lua:0:0
line 0: sourcing "/Users/anthonyprancl/.local/share/nvim/lazy/which-key.nvim/plugin/which-key.vim"
finished sourcing /Users/anthonyprancl/.local/share/nvim/lazy/which-key.nvim/plugin/which-key.vim
continuing in nvim_exec2() called at /Users/anthonyprancl/.config/nvim/init.lua:0
line 0: sourcing "/Users/anthonyprancl/.local/share/nvim/lazy/vim-rhubarb/plugin/rhubarb.vim"
finished sourcing /Users/anthonyprancl/.local/share/nvim/lazy/vim-rhubarb/plugin/rhubarb.vim
continuing in nvim_exec2() called at /Users/anthonyprancl/.config/nvim/init.lua:0
line 0: sourcing "/Users/anthonyprancl/.local/share/nvim/lazy/nightfox.nvim/plugin/nightfox.vim"
finished sourcing /Users/anthonyprancl/.local/share/nvim/lazy/nightfox.nvim/plugin/nightfox.vim
continuing in nvim_exec2() called at /Users/anthonyprancl/.config/nvim/init.lua:0
line 0: sourcing "/Users/anthonyprancl/.local/share/nvim/lazy/vim-sleuth/plugin/sleuth.vim"
finished sourcing /Users/anthonyprancl/.local/share/nvim/lazy/vim-sleuth/plugin/sleuth.vim
continuing in nvim_exec2() called at /Users/anthonyprancl/.config/nvim/init.lua:0
line 0: sourcing "/Users/anthonyprancl/.local/share/nvim/lazy/nvim-treesitter-textobjects/plugin/nvim-treesitter-textobjects.vim"
finished sourcing /Users/anthonyprancl/.local/share/nvim/lazy/nvim-treesitter-textobjects/plugin/nvim-treesitter-textobjects.vim
continuing in nvim_exec2() called at /Users/anthonyprancl/.config/nvim/init.lua:0
line 0: sourcing "/Users/anthonyprancl/.local/share/nvim/lazy/nvim-treesitter/plugin/nvim-treesitter.lua"
finished sourcing /Users/anthonyprancl/.local/share/nvim/lazy/nvim-treesitter/plugin/nvim-treesitter.lua
continuing in nvim_exec2() called at /Users/anthonyprancl/.config/nvim/init.lua:0
line 0: sourcing "/Users/anthonyprancl/.local/share/nvim/lazy/nvim-lspconfig/plugin/lspconfig.lua"
finished sourcing /Users/anthonyprancl/.local/share/nvim/lazy/nvim-lspconfig/plugin/lspconfig.lua
continuing in nvim_exec2() called at /Users/anthonyprancl/.config/nvim/init.lua:0
line 0: sourcing "/Users/anthonyprancl/.local/share/nvim/lazy/plenary.nvim/plugin/plenary.vim"
finished sourcing /Users/anthonyprancl/.local/share/nvim/lazy/plenary.nvim/plugin/plenary.vim
continuing in nvim_exec2() called at /Users/anthonyprancl/.config/nvim/init.lua:0
line 0: sourcing "/Users/anthonyprancl/.local/share/nvim/lazy/telescope.nvim/plugin/telescope.lua"
finished sourcing /Users/anthonyprancl/.local/share/nvim/lazy/telescope.nvim/plugin/telescope.lua
continuing in nvim_exec2() called at /Users/anthonyprancl/.config/nvim/init.lua:0
line 0: sourcing "/Users/anthonyprancl/.local/share/nvim/lazy/Comment.nvim/plugin/Comment.lua"
finished sourcing /Users/anthonyprancl/.local/share/nvim/lazy/Comment.nvim/plugin/Comment.lua
continuing in nvim_exec2() called at /Users/anthonyprancl/.config/nvim/init.lua:0
line 0: sourcing "/Users/anthonyprancl/.local/share/nvim/lazy/dressing.nvim/plugin/dressing.lua"
finished sourcing /Users/anthonyprancl/.local/share/nvim/lazy/dressing.nvim/plugin/dressing.lua
continuing in nvim_exec2() called at /Users/anthonyprancl/.config/nvim/init.lua:0
line 0: sourcing "/Users/anthonyprancl/.local/share/nvim/lazy/LuaSnip/plugin/luasnip.lua"
finished sourcing /Users/anthonyprancl/.local/share/nvim/lazy/LuaSnip/plugin/luasnip.lua
continuing in nvim_exec2() called at /Users/anthonyprancl/.config/nvim/init.lua:0
line 0: sourcing "/Users/anthonyprancl/.local/share/nvim/lazy/LuaSnip/plugin/luasnip.vim"
finished sourcing /Users/anthonyprancl/.local/share/nvim/lazy/LuaSnip/plugin/luasnip.vim
continuing in nvim_exec2() called at /Users/anthonyprancl/.config/nvim/init.lua:0
line 0: sourcing "/Users/anthonyprancl/.local/share/nvim/lazy/nvim-cmp/plugin/cmp.lua"
finished sourcing /Users/anthonyprancl/.local/share/nvim/lazy/nvim-cmp/plugin/cmp.lua
continuing in nvim_exec2() called at /Users/anthonyprancl/.config/nvim/init.lua:0
line 0: sourcing "/Users/anthonyprancl/.local/share/nvim/lazy/vim-fugitive/plugin/fugitive.vim"
finished sourcing /Users/anthonyprancl/.local/share/nvim/lazy/vim-fugitive/plugin/fugitive.vim
continuing in nvim_exec2() called at /Users/anthonyprancl/.config/nvim/init.lua:0
line 0: sourcing "/Users/anthonyprancl/.local/share/nvim/lazy/vim-fugitive/ftdetect/fugitive.vim"
finished sourcing /Users/anthonyprancl/.local/share/nvim/lazy/vim-fugitive/ftdetect/fugitive.vim
continuing in nvim_exec2() called at /Users/anthonyprancl/.config/nvim/init.lua:0
line 0: sourcing "/opt/homebrew/Cellar/neovim/0.10.0/share/nvim/runtime/plugin/editorconfig.lua"
finished sourcing /opt/homebrew/Cellar/neovim/0.10.0/share/nvim/runtime/plugin/editorconfig.lua
continuing in nvim_exec2() called at /Users/anthonyprancl/.config/nvim/init.lua:0
line 0: sourcing "/opt/homebrew/Cellar/neovim/0.10.0/share/nvim/runtime/plugin/gzip.vim"
finished sourcing /opt/homebrew/Cellar/neovim/0.10.0/share/nvim/runtime/plugin/gzip.vim
continuing in nvim_exec2() called at /Users/anthonyprancl/.config/nvim/init.lua:0
line 0: sourcing "/opt/homebrew/Cellar/neovim/0.10.0/share/nvim/runtime/plugin/man.lua"
finished sourcing /opt/homebrew/Cellar/neovim/0.10.0/share/nvim/runtime/plugin/man.lua
continuing in nvim_exec2() called at /Users/anthonyprancl/.config/nvim/init.lua:0
line 0: sourcing "/opt/homebrew/Cellar/neovim/0.10.0/share/nvim/runtime/plugin/matchit.vim"
not found in 'packpath': "pack/*/start/matchit"
line 3: sourcing "/opt/homebrew/Cellar/neovim/0.10.0/share/nvim/runtime/pack/dist/opt/matchit/plugin/matchit.vim"
finished sourcing /opt/homebrew/Cellar/neovim/0.10.0/share/nvim/runtime/pack/dist/opt/matchit/plugin/matchit.vim
continuing in /opt/homebrew/Cellar/neovim/0.10.0/share/nvim/runtime/plugin/matchit.vim
finished sourcing /opt/homebrew/Cellar/neovim/0.10.0/share/nvim/runtime/plugin/matchit.vim
continuing in nvim_exec2() called at /Users/anthonyprancl/.config/nvim/init.lua:0
line 0: sourcing "/opt/homebrew/Cellar/neovim/0.10.0/share/nvim/runtime/plugin/matchparen.vim"
finished sourcing /opt/homebrew/Cellar/neovim/0.10.0/share/nvim/runtime/plugin/matchparen.vim
continuing in nvim_exec2() called at /Users/anthonyprancl/.config/nvim/init.lua:0
line 0: sourcing "/opt/homebrew/Cellar/neovim/0.10.0/share/nvim/runtime/plugin/netrwPlugin.vim"
finished sourcing /opt/homebrew/Cellar/neovim/0.10.0/share/nvim/runtime/plugin/netrwPlugin.vim
continuing in nvim_exec2() called at /Users/anthonyprancl/.config/nvim/init.lua:0
line 0: sourcing "/opt/homebrew/Cellar/neovim/0.10.0/share/nvim/runtime/plugin/osc52.lua"
finished sourcing /opt/homebrew/Cellar/neovim/0.10.0/share/nvim/runtime/plugin/osc52.lua
continuing in nvim_exec2() called at /Users/anthonyprancl/.config/nvim/init.lua:0
line 0: sourcing "/opt/homebrew/Cellar/neovim/0.10.0/share/nvim/runtime/plugin/rplugin.vim"
finished sourcing /opt/homebrew/Cellar/neovim/0.10.0/share/nvim/runtime/plugin/rplugin.vim
continuing in nvim_exec2() called at /Users/anthonyprancl/.config/nvim/init.lua:0
line 0: sourcing "/opt/homebrew/Cellar/neovim/0.10.0/share/nvim/runtime/plugin/shada.vim"
finished sourcing /opt/homebrew/Cellar/neovim/0.10.0/share/nvim/runtime/plugin/shada.vim
continuing in nvim_exec2() called at /Users/anthonyprancl/.config/nvim/init.lua:0
line 0: sourcing "/opt/homebrew/Cellar/neovim/0.10.0/share/nvim/runtime/plugin/spellfile.vim"
finished sourcing /opt/homebrew/Cellar/neovim/0.10.0/share/nvim/runtime/plugin/spellfile.vim
continuing in nvim_exec2() called at /Users/anthonyprancl/.config/nvim/init.lua:0
line 0: sourcing "/opt/homebrew/Cellar/neovim/0.10.0/share/nvim/runtime/plugin/tarPlugin.vim"
finished sourcing /opt/homebrew/Cellar/neovim/0.10.0/share/nvim/runtime/plugin/tarPlugin.vim
continuing in nvim_exec2() called at /Users/anthonyprancl/.config/nvim/init.lua:0
line 0: sourcing "/opt/homebrew/Cellar/neovim/0.10.0/share/nvim/runtime/plugin/tohtml.lua"
finished sourcing /opt/homebrew/Cellar/neovim/0.10.0/share/nvim/runtime/plugin/tohtml.lua
continuing in nvim_exec2() called at /Users/anthonyprancl/.config/nvim/init.lua:0
line 0: sourcing "/opt/homebrew/Cellar/neovim/0.10.0/share/nvim/runtime/plugin/tutor.vim"
finished sourcing /opt/homebrew/Cellar/neovim/0.10.0/share/nvim/runtime/plugin/tutor.vim
continuing in nvim_exec2() called at /Users/anthonyprancl/.config/nvim/init.lua:0
line 0: sourcing "/opt/homebrew/Cellar/neovim/0.10.0/share/nvim/runtime/plugin/zipPlugin.vim"
finished sourcing /opt/homebrew/Cellar/neovim/0.10.0/share/nvim/runtime/plugin/zipPlugin.vim
continuing in nvim_exec2() called at /Users/anthonyprancl/.config/nvim/init.lua:0
line 0: sourcing "/Users/anthonyprancl/.local/share/nvim/lazy/cmp-nvim-lsp/after/plugin/cmp_nvim_lsp.lua"
finished sourcing /Users/anthonyprancl/.local/share/nvim/lazy/cmp-nvim-lsp/after/plugin/cmp_nvim_lsp.lua
continuing in nvim_exec2() called at /Users/anthonyprancl/.config/nvim/init.lua:0
line 0: sourcing "/Users/anthonyprancl/.local/share/nvim/lazy/cmp_luasnip/after/plugin/cmp_luasnip.lua"
finished sourcing /Users/anthonyprancl/.local/share/nvim/lazy/cmp_luasnip/after/plugin/cmp_luasnip.lua
continuing in nvim_exec2() called at /Users/anthonyprancl/.config/nvim/init.lua:0
line 0: sourcing "/Users/anthonyprancl/.local/share/nvim/lazy/indent-blankline.nvim/after/plugin/commands.lua"
finished sourcing /Users/anthonyprancl/.local/share/nvim/lazy/indent-blankline.nvim/after/plugin/commands.lua
continuing in nvim_exec2() called at /Users/anthonyprancl/.config/nvim/init.lua:0
not found in runtime path: "lua/lualine/themes/mellifluous.lua"
not found in runtime path: "lua/lualine/themes/mellifluous/init.lua"
--- Autocommands ---
--- Autocommands ---
lualine  BufEnter
    *         lua require'lualine.components.branch.git_branch'.find_git_dir()
	Last set from ~/.config/nvim/vim/_editor.lua
--- Autocommands ---
--- Autocommands ---
finished sourcing /Users/anthonyprancl/.config/nvim/init.lua
sourcing "/opt/homebrew/Cellar/neovim/0.10.0/share/nvim/runtime/filetype.lua"
finished sourcing /opt/homebrew/Cellar/neovim/0.10.0/share/nvim/runtime/filetype.lua
sourcing "/opt/homebrew/Cellar/neovim/0.10.0/share/nvim/runtime/syntax/syntax.vim"
line 20: sourcing "/opt/homebrew/Cellar/neovim/0.10.0/share/nvim/runtime/syntax/synload.vim"
finished sourcing /opt/homebrew/Cellar/neovim/0.10.0/share/nvim/runtime/syntax/synload.vim
continuing in /opt/homebrew/Cellar/neovim/0.10.0/share/nvim/runtime/syntax/syntax.vim
finished sourcing /opt/homebrew/Cellar/neovim/0.10.0/share/nvim/runtime/syntax/syntax.vim
Reading ShaDa file "/Users/anthonyprancl/.local/state/nvim/shada/main.shada" info marks oldfiles
sourcing "/opt/homebrew/Cellar/neovim/0.10.0/share/nvim/runtime/autoload/provider/clipboard.vim"
finished sourcing /opt/homebrew/Cellar/neovim/0.10.0/share/nvim/runtime/autoload/provider/clipboard.vim
not found in runtime path: "lua/lualine/themes/mellifluous.lua"
not found in runtime path: "lua/lualine/themes/mellifluous/init.lua"
--- Autocommands ---
--- Autocommands ---
lualine  BufEnter
    *         lua require'lualine.components.branch.git_branch'.find_git_dir()
	Last set from ~/.config/nvim/vim/_editor.lua
--- Autocommands ---
--- Autocommands ---
not found in runtime path: "autoload/zoom.vim"


--- Terminal info --- {{{
&term: xterm-kitty
Description: KovIdTTY
Aliases: xterm-kitty
Boolean capabilities:
  auto_left_margin          bw         = false
  auto_right_margin         am         = true
  no_esc_ctlc               xsb        = false
  ceol_standout_glitch      xhp        = false
  eat_newline_glitch        xenl       = true
  erase_overstrike          eo         = false
  generic_type              gn         = false
  hard_copy                 hc         = false
  has_meta_key              km         = true
  has_status_line           hs         = true
  insert_null_glitch        in         = false
  memory_above              da         = false
  memory_below              db         = false
  move_insert_mode          mir        = true
  move_standout_mode        msgr       = true
  over_strike               os         = false
  status_line_esc_ok        eslok      = false
  dest_tabs_magic_smso      xt         = false
  tilde_glitch              hz         = false
  transparent_underline     ul         = false
  xon_xoff                  xon        = false
  needs_xon_xoff            nxon       = false
  prtr_silent               mc5i       = true
  hard_cursor               chts       = false
  non_rev_rmcup             nrrmc      = false
  no_pad_char               npc        = true
  non_dest_scroll_region    ndscr      = false
  can_change                ccc        = true
  back_color_erase          bce        = false
  hue_lightness_saturation  hls        = false
  col_addr_glitch           xhpa       = false
  cr_cancels_micro_mode     crxm       = false
  has_print_wheel           daisy      = false
  row_addr_glitch           xvpa       = false
  semi_auto_right_margin    sam        = false
  cpi_changes_res           cpix       = false
  lpi_changes_res           lpix       = false
  backspaces_with_bs        OTbs       = false
  crt_no_scrolling          OTns       = false
  no_correctly_working_cr   OTnc       = false
  gnu_has_meta_key          OTMT       = false
  linefeed_is_newline       OTNL       = false
  has_hardware_tabs         OTpt       = false
  return_does_clr_eol       OTxr       = false
Numeric capabilities:
  columns                   cols       = 80
  init_tabs                 it         = 8
  lines                     lines      = 24
  lines_of_memory           lm         = -1
  magic_cookie_glitch       xmc        = -1
  padding_baud_rate         pb         = -1
  virtual_terminal          vt         = -1
  width_status_line         wsl        = -1
  num_labels                nlab       = -1
  label_height              lh         = -1
  label_width               lw         = -1
  max_attributes            ma         = -1
  maximum_windows           wnum       = -1
  max_colors                colors     = 256
  max_pairs                 pairs      = 32767
  no_color_video            ncv        = -1
  buffer_capacity           bufsz      = -1
  dot_vert_spacing          spinv      = -1
  dot_horz_spacing          spinh      = -1
  max_micro_address         maddr      = -1
  max_micro_jump            mjump      = -1
  micro_col_size            mcs        = -1
  micro_line_size           mls        = -1
  number_of_pins            npins      = -1
  output_res_char           orc        = -1
  output_res_line           orl        = -1
  output_res_horz_inch      orhi       = -1
  output_res_vert_inch      orvi       = -1
  print_rate                cps        = -1
  wide_char_size            widcs      = -1
  buttons                   btns       = -1
  bit_image_entwining       bitwin     = -1
  bit_image_type            bitype     = -1
  magic_cookie_glitch_ul    OTug       = -1
  carriage_return_delay     OTdC       = -1
  new_line_delay            OTdN       = -1
  backspace_delay           OTdB       = -1
  horizontal_tab_delay      OTdT       = -1
  number_of_function_keys   OTkn       = -1
String capabilities:
  back_tab                  cbt        = ^[[Z
  bell                      bel        = ^G
  carriage_return           cr         = ^M
  change_scroll_region      csr        = ^[[%i%p1%d;%p2%dr
  clear_all_tabs            tbc        = ^[[3g
  clear_screen              clear      = ^[[H^[[2J
  clr_eol                   el         = ^[[K
  clr_eos                   ed         = ^[[J
  column_address            hpa        = ^[[%i%p1%dG
  cursor_address            cup        = ^[[%i%p1%d;%p2%dH
  cursor_down               cud1       = ^@
  cursor_home               home       = ^[[H
  cursor_invisible          civis      = ^[[?25l
  cursor_left               cub1       = ^H
  cursor_normal             cnorm      = ^[[?12h^[[?25h
  cursor_right              cuf1       = ^[[C
  cursor_up                 cuu1       = ^[[A
  cursor_visible            cvvis      = ^[[?12;25h
  delete_character          dch1       = ^[[P
  delete_line               dl1        = ^[[M
  dis_status_line           dsl        = ^[]2;^[\
  enter_alt_charset_mode    smacs      = ^[(0
  enter_bold_mode           bold       = ^[[1m
  enter_ca_mode             smcup      = ^[[?1049h
  enter_dim_mode            dim        = ^[[2m
  enter_insert_mode         smir       = ^[[4h
  enter_reverse_mode        rev        = ^[[7m
  enter_standout_mode       smso       = ^[[7m
  enter_underline_mode      smul       = ^[[4m
  erase_chars               ech        = ^[[%p1%dX
  exit_alt_charset_mode     rmacs      = ^[(B
  exit_attribute_mode       sgr0       = ^[(B^[[m
  exit_ca_mode              rmcup      = ^[[?1049l
  exit_insert_mode          rmir       = ^[[4l
  exit_standout_mode        rmso       = ^[[27m
  exit_underline_mode       rmul       = ^[[24m
  flash_screen              flash      = ^[[?5h$<100/>^[[?5l
  from_status_line          fsl        = ^G
  insert_line               il1        = ^[[L
  key_backspace             kbs        = ^?
  key_dc                    kdch1      = ^[[3~
  key_down                  kcud1      = ^[OB
  key_f1                    kf1        = ^[OP
  key_f10                   kf10       = ^[[21~
  key_f2                    kf2        = ^[OQ
  key_f3                    kf3        = ^[OR
  key_f4                    kf4        = ^[OS
  key_f5                    kf5        = ^[[15~
  key_f6                    kf6        = ^[[17~
  key_f7                    kf7        = ^[[18~
  key_f8                    kf8        = ^[[19~
  key_f9                    kf9        = ^[[20~
  key_home                  khome      = ^[OH
  key_ic                    kich1      = ^[[2~
  key_left                  kcub1      = ^[OD
  key_npage                 knp        = ^[[6~
  key_ppage                 kpp        = ^[[5~
  key_right                 kcuf1      = ^[OC
  key_sf                    kind       = ^[[1;2B
  key_sr                    kri        = ^[[1;2A
  key_up                    kcuu1      = ^[OA
  keypad_local              rmkx       = ^[[?1l
  keypad_xmit               smkx       = ^[[?1h
  parm_dch                  dch        = ^[[%p1%dP
  parm_delete_line          dl         = ^[[%p1%dM
  parm_down_cursor          cud        = ^[[%p1%dB
  parm_ich                  ich        = ^[[%p1%d@
  parm_index                indn       = ^[[%p1%dS
  parm_insert_line          il         = ^[[%p1%dL
  parm_left_cursor          cub        = ^[[%p1%dD
  parm_right_cursor         cuf        = ^[[%p1%dC
  parm_rindex               rin        = ^[[%p1%dT
  parm_up_cursor            cuu        = ^[[%p1%dA
  repeat_char               rep        = %p1%c^[[%p2%{1}%-%db
  reset_1string             rs1        = ^[]^[\^[c
  restore_cursor            rc         = ^[8
  row_address               vpa        = ^[[%i%p1%dd
  save_cursor               sc         = ^[7
  scroll_forward            ind        = ^@
  scroll_reverse            ri         = ^[M
  set_attributes            sgr        = %?%p9%t^[(0%e^[(B%;^[[0%?%p6%t;1%;%?%p2%t;4%;%?%p1%p3%|%t;7%;%?%p4%t;5%;%?%p7%t;8%;m
  set_tab                   hts        = ^[H
  tab                       ht         = 	
  to_status_line            tsl        = ^[]2;
  key_a1                    ka1        = 
  key_a3                    ka3        = 
  key_c1                    kc1        = 
  key_c3                    kc3        = 
  acs_chars                 acsc       = ++,,--..00``aaffgghhiijjkkllmmnnooppqqrrssttuuvvwwxxyyzz{{||}}~~
  key_btab                  kcbt       = ^[[Z
  enter_am_mode             smam       = ^[[?7h
  exit_am_mode              rmam       = ^[[?7l
  key_beg                   kbeg       = ^[OE
  key_end                   kend       = ^[OF
  key_help                  khlp       = 
  key_undo                  kund       = 
  key_sbeg                  kBEG       = ^[[1;2E
  key_sdc                   kDC        = ^[[3;2~
  key_send                  kEND       = ^[[1;2F
  key_shome                 kHOM       = ^[[1;2H
  key_sic                   kIC        = ^[[2;2~
  key_sleft                 kLFT       = ^[[1;2D
  key_snext                 kNXT       = ^[[6;2~
  key_sprevious             kPRV       = ^[[5;2~
  key_sright                kRIT       = ^[[1;2C
  key_f11                   kf11       = ^[[23~
  key_f12                   kf12       = ^[[24~
  key_f13                   kf13       = ^[[1;2P
  key_f14                   kf14       = ^[[1;2Q
  key_f15                   kf15       = ^[[13;2~
  key_f16                   kf16       = ^[[1;2S
  key_f17                   kf17       = ^[[15;2~
  key_f18                   kf18       = ^[[17;2~
  key_f19                   kf19       = ^[[18;2~
  key_f20                   kf20       = ^[[19;2~
  key_f21                   kf21       = ^[[20;2~
  key_f22                   kf22       = ^[[21;2~
  key_f23                   kf23       = ^[[23;2~
  key_f24                   kf24       = ^[[24;2~
  key_f25                   kf25       = ^[[1;5P
  key_f26                   kf26       = ^[[1;5Q
  key_f27                   kf27       = ^[[13;5~
  key_f28                   kf28       = ^[[1;5S
  key_f29                   kf29       = ^[[15;5~
  key_f30                   kf30       = ^[[17;5~
  key_f31                   kf31       = ^[[18;5~
  key_f32                   kf32       = ^[[19;5~
  key_f33                   kf33       = ^[[20;5~
  key_f34                   kf34       = ^[[21;5~
  key_f35                   kf35       = ^[[23;5~
  key_f36                   kf36       = ^[[24;5~
  key_f37                   kf37       = ^[[1;6P
  key_f38                   kf38       = ^[[1;6Q
  key_f39                   kf39       = ^[[13;6~
  key_f40                   kf40       = ^[[1;6S
  key_f41                   kf41       = ^[[15;6~
  key_f42                   kf42       = ^[[17;6~
  key_f43                   kf43       = ^[[18;6~
  key_f44                   kf44       = ^[[19;6~
  key_f45                   kf45       = ^[[20;6~
  key_f46                   kf46       = ^[[21;6~
  key_f47                   kf47       = ^[[23;6~
  key_f48                   kf48       = ^[[24;6~
  key_f49                   kf49       = ^[[1;3P
  key_f50                   kf50       = ^[[1;3Q
  key_f51                   kf51       = ^[[13;3~
  key_f52                   kf52       = ^[[1;3S
  key_f53                   kf53       = ^[[15;3~
  key_f54                   kf54       = ^[[17;3~
  key_f55                   kf55       = ^[[18;3~
  key_f56                   kf56       = ^[[19;3~
  key_f57                   kf57       = ^[[20;3~
  key_f58                   kf58       = ^[[21;3~
  key_f59                   kf59       = ^[[23;3~
  key_f60                   kf60       = ^[[24;3~
  key_f61                   kf61       = ^[[1;4P
  key_f62                   kf62       = ^[[1;4Q
  key_f63                   kf63       = ^[[13;4~
  clr_bol                   el1        = ^[[1K
  user6                     u6         = ^[[%i%d;%dR
  user7                     u7         = ^[[6n
  user8                     u8         = ^[[?%[;0123456789]c
  user9                     u9         = ^[[c
  orig_pair                 op         = ^[[39;49m
  orig_colors               oc         = ^[]104^G
  initialize_color          initc      = ^[]4;%p1%d;rgb:%p2%{255}%*%{1000}%/%2.2X/%p3%{255}%*%{1000}%/%2.2X/%p4%{255}%*%{1000}%/%2.2X^[\
  enter_italics_mode        sitm       = ^[[3m
  exit_italics_mode         ritm       = ^[[23m
  key_mouse                 kmous      = ^[[M
  set_a_foreground          setaf      = ^[[%?%p1%{8}%<%t3%p1%d%e%p1%{16}%<%t9%p1%{8}%-%d%e38;5;%p1%d%;m
  set_a_background          setab      = ^[[%?%p1%{8}%<%t4%p1%d%e%p1%{16}%<%t10%p1%{8}%-%d%e48;5;%p1%d%;m
  set_tb_margin             smgtb      = ^[[%i%p1%d;%p2%dr
Extended boolean capabilities:
  Su                        = true
  Tc                        = true
  XF                        = true
  fullkbd                   = true
Extended string capabilities:
  BD                        = ^[[?2004l
  BE                        = ^[[?2004h
  Cr                        = ^[]112^G
  Cs                        = ^[]12;%p1%s^G
  Ms                        = ^[]52;%p1%s;%p2%s^[\
  PE                        = ^[[201~
  PS                        = ^[[200~
  RV                        = ^[[>c
  Se                        = ^[[2 q
  Setulc                    = ^[[58:2:%p1%{65536}%/%d:%p1%{256}%/%{255}%&%d:%p1%{255}%&%d%;m
  Smulx                     = ^[[4:%p1%dm
  Ss                        = ^[[%p1%d q
  Sync                      = ^[P=%p1%ds^[\
  XR                        = ^[[>0q
  fd                        = ^[[?1004l
  fe                        = ^[[?1004h
  kBEG3                     = ^[[1;3E
  kBEG4                     = ^[[1;4E
  kBEG5                     = ^[[1;5E
  kBEG6                     = ^[[1;6E
  kBEG7                     = ^[[1;7E
  kDC3                      = ^[[3;3~
  kDC4                      = ^[[3;4~
  kDC5                      = ^[[3;5~
  kDC6                      = ^[[3;6~
  kDC7                      = ^[[3;7~
  kDN                       = ^[[1;2B
  kDN3                      = ^[[1;3B
  kDN4                      = ^[[1;4B
  kDN5                      = ^[[1;5B
  kDN6                      = ^[[1;6B
  kDN7                      = ^[[1;7B
  kEND3                     = ^[[1;3F
  kEND4                     = ^[[1;4F
  kEND5                     = ^[[1;5F
  kEND6                     = ^[[1;6F
  kEND7                     = ^[[1;7F
  kHOM3                     = ^[[1;3H
  kHOM4                     = ^[[1;4H
  kHOM5                     = ^[[1;5H
  kHOM6                     = ^[[1;6H
  kHOM7                     = ^[[1;7H
  kIC3                      = ^[[2;3~
  kIC4                      = ^[[2;4~
  kIC5                      = ^[[2;5~
  kIC6                      = ^[[2;6~
  kIC7                      = ^[[2;7~
  kLFT3                     = ^[[1;3D
  kLFT4                     = ^[[1;4D
  kLFT5                     = ^[[1;5D
  kLFT6                     = ^[[1;6D
  kLFT7                     = ^[[1;7D
  kNXT3                     = ^[[6;3~
  kNXT4                     = ^[[6;4~
  kNXT5                     = ^[[6;5~
  kNXT6                     = ^[[6;6~
  kNXT7                     = ^[[6;7~
  kPRV3                     = ^[[5;3~
  kPRV4                     = ^[[5;4~
  kPRV5                     = ^[[5;5~
  kPRV6                     = ^[[5;6~
  kPRV7                     = ^[[5;7~
  kRIT3                     = ^[[1;3C
  kRIT4                     = ^[[1;4C
  kRIT5                     = ^[[1;5C
  kRIT6                     = ^[[1;6C
  kRIT7                     = ^[[1;7C
  kUP                       = ^[[1;2A
  kUP3                      = ^[[1;3A
  kUP4                      = ^[[1;4A
  kUP5                      = ^[[1;5A
  kUP6                      = ^[[1;6A
  kUP7                      = ^[[1;7A
  kxIN                      = ^[[I
  kxOUT                     = ^[[O
  rmxx                      = ^[[29m
  setrgbb                   = ^[[48:2:%p1%d:%p2%d:%p3%dm
  setrgbf                   = ^[[38:2:%p1%d:%p2%d:%p3%dm
  smxx                      = ^[[9m
  ext.resize_screen         = ^[[8;%p1%d;%p2%dt
  ext.reset_scroll_region   = ^[[r
  ext.enter_altfont_mode    = ^[[11m
  ext.save_title            = ^[[22;0t
  ext.restore_title         = ^[[23;0t
  ext.enable_lr_margin      = ^[[?69h
  ext.disable_lr_margin     = ^[[?69l
  ext.enable_bpaste         = ^[[?2004h
  ext.disable_bpaste        = ^[[?2004l
  ext.enable_focus          = ^[[?1004h
  ext.disable_focus         = ^[[?1004l
  ext.enable_mouse          = ^[[?1002h^[[?1006h
  ext.disable_mouse         = ^[[?1002l^[[?1006l
  ext.enable_mouse_move     = ^[[?1003h
  ext.disable_mouse_move    = ^[[?1003l
  ext.set_underline_color   = ^[[58:2::%p1%d:%p2%d:%p3%dm
  Sync                      = ^[[?2026%?%p1%{1}%-%tl%eh%;
}}}


Writing ShaDa file "/Users/anthonyprancl/.local/state/nvim/shada/main.shada"